This is pdfTeX, Version 3.141592653-2.6-1.40.25 (MiKTeX 24.1) (preloaded format=pdflatex 2024.2.16)  4 MAR 2024 21:27
entering extended mode
 restricted \write18 enabled.
 %&-line parsing enabled.
**./conference_041818.tex
(conference_041818.tex
LaTeX2e <2023-11-01> patch level 1
L3 programming layer <2024-01-04>
(IEEEtran.cls
Document Class: IEEEtran 2015/08/26 V1.8b by Michael Shell
-- See the "IEEEtran_HOWTO" manual for usage information.
-- http://www.michaelshell.org/tex/ieeetran/
\@IEEEtrantmpdimenA=\dimen140
\@IEEEtrantmpdimenB=\dimen141
\@IEEEtrantmpdimenC=\dimen142
\@IEEEtrantmpcountA=\count187
\@IEEEtrantmpcountB=\count188
\@IEEEtrantmpcountC=\count189
\@IEEEtrantmptoksA=\toks17
LaTeX Font Info:    Trying to load font information for OT1+ptm on input line 5
03.
(C:\Users\fsaye\AppData\Local\Programs\MiKTeX\tex/latex/psnfss\ot1ptm.fd
File: ot1ptm.fd 2001/06/04 font definitions for OT1/ptm.
)
-- Using 8.5in x 11in (letter) paper.
-- Using PDF output.
\@IEEEnormalsizeunitybaselineskip=\dimen143
-- This is a 10 point document.
\CLASSINFOnormalsizebaselineskip=\dimen144
\CLASSINFOnormalsizeunitybaselineskip=\dimen145
\IEEEnormaljot=\dimen146
LaTeX Font Info:    Font shape `OT1/ptm/bx/n' in size <5> not available
(Font)              Font shape `OT1/ptm/b/n' tried instead on input line 1090.
LaTeX Font Info:    Font shape `OT1/ptm/bx/it' in size <5> not available
(Font)              Font shape `OT1/ptm/b/it' tried instead on input line 1090.

LaTeX Font Info:    Font shape `OT1/ptm/bx/n' in size <7> not available
(Font)              Font shape `OT1/ptm/b/n' tried instead on input line 1090.
LaTeX Font Info:    Font shape `OT1/ptm/bx/it' in size <7> not available
(Font)              Font shape `OT1/ptm/b/it' tried instead on input line 1090.

LaTeX Font Info:    Font shape `OT1/ptm/bx/n' in size <8> not available
(Font)              Font shape `OT1/ptm/b/n' tried instead on input line 1090.
LaTeX Font Info:    Font shape `OT1/ptm/bx/it' in size <8> not available
(Font)              Font shape `OT1/ptm/b/it' tried instead on input line 1090.

LaTeX Font Info:    Font shape `OT1/ptm/bx/n' in size <9> not available
(Font)              Font shape `OT1/ptm/b/n' tried instead on input line 1090.
LaTeX Font Info:    Font shape `OT1/ptm/bx/it' in size <9> not available
(Font)              Font shape `OT1/ptm/b/it' tried instead on input line 1090.

LaTeX Font Info:    Font shape `OT1/ptm/bx/n' in size <10> not available
(Font)              Font shape `OT1/ptm/b/n' tried instead on input line 1090.
LaTeX Font Info:    Font shape `OT1/ptm/bx/it' in size <10> not available
(Font)              Font shape `OT1/ptm/b/it' tried instead on input line 1090.

LaTeX Font Info:    Font shape `OT1/ptm/bx/n' in size <11> not available
(Font)              Font shape `OT1/ptm/b/n' tried instead on input line 1090.
LaTeX Font Info:    Font shape `OT1/ptm/bx/it' in size <11> not available
(Font)              Font shape `OT1/ptm/b/it' tried instead on input line 1090.

LaTeX Font Info:    Font shape `OT1/ptm/bx/n' in size <12> not available
(Font)              Font shape `OT1/ptm/b/n' tried instead on input line 1090.
LaTeX Font Info:    Font shape `OT1/ptm/bx/it' in size <12> not available
(Font)              Font shape `OT1/ptm/b/it' tried instead on input line 1090.

LaTeX Font Info:    Font shape `OT1/ptm/bx/n' in size <17> not available
(Font)              Font shape `OT1/ptm/b/n' tried instead on input line 1090.
LaTeX Font Info:    Font shape `OT1/ptm/bx/it' in size <17> not available
(Font)              Font shape `OT1/ptm/b/it' tried instead on input line 1090.

LaTeX Font Info:    Font shape `OT1/ptm/bx/n' in size <20> not available
(Font)              Font shape `OT1/ptm/b/n' tried instead on input line 1090.
LaTeX Font Info:    Font shape `OT1/ptm/bx/it' in size <20> not available
(Font)              Font shape `OT1/ptm/b/it' tried instead on input line 1090.

LaTeX Font Info:    Font shape `OT1/ptm/bx/n' in size <24> not available
(Font)              Font shape `OT1/ptm/b/n' tried instead on input line 1090.
LaTeX Font Info:    Font shape `OT1/ptm/bx/it' in size <24> not available
(Font)              Font shape `OT1/ptm/b/it' tried instead on input line 1090.

\IEEEquantizedlength=\dimen147
\IEEEquantizedlengthdiff=\dimen148
\IEEEquantizedtextheightdiff=\dimen149
\IEEEilabelindentA=\dimen150
\IEEEilabelindentB=\dimen151
\IEEEilabelindent=\dimen152
\IEEEelabelindent=\dimen153
\IEEEdlabelindent=\dimen154
\IEEElabelindent=\dimen155
\IEEEiednormlabelsep=\dimen156
\IEEEiedmathlabelsep=\dimen157
\IEEEiedtopsep=\skip48
\c@section=\count190
\c@subsection=\count191
\c@subsubsection=\count192
\c@paragraph=\count193
\c@IEEEsubequation=\count194
\abovecaptionskip=\skip49
\belowcaptionskip=\skip50
\c@figure=\count195
\c@table=\count196
\@IEEEeqnnumcols=\count197
\@IEEEeqncolcnt=\count198
\@IEEEsubeqnnumrollback=\count199
\@IEEEquantizeheightA=\dimen158
\@IEEEquantizeheightB=\dimen159
\@IEEEquantizeheightC=\dimen160
\@IEEEquantizeprevdepth=\dimen161
\@IEEEquantizemultiple=\count266
\@IEEEquantizeboxA=\box51
\@IEEEtmpitemindent=\dimen162
\IEEEPARstartletwidth=\dimen163
\c@IEEEbiography=\count267
\@IEEEtranrubishbin=\box52
)
** ATTENTION: Overriding command lockouts (line 2).
(C:\Users\fsaye\AppData\Local\Programs\MiKTeX\tex/latex/cite\cite.sty
LaTeX Info: Redefining \cite on input line 302.
LaTeX Info: Redefining \nocite on input line 332.
Package: cite 2015/02/27  v 5.5
)
(C:\Users\fsaye\AppData\Local\Programs\MiKTeX\tex/latex/amsmath\amsmath.sty
Package: amsmath 2023/05/13 v2.17o AMS math features
\@mathmargin=\skip51

For additional information on amsmath, use the `?' option.
(C:\Users\fsaye\AppData\Local\Programs\MiKTeX\tex/latex/amsmath\amstext.sty
Package: amstext 2021/08/26 v2.01 AMS text

(C:\Users\fsaye\AppData\Local\Programs\MiKTeX\tex/latex/amsmath\amsgen.sty
File: amsgen.sty 1999/11/30 v2.0 generic functions
\@emptytoks=\toks18
\ex@=\dimen164
))
(C:\Users\fsaye\AppData\Local\Programs\MiKTeX\tex/latex/amsmath\amsbsy.sty
Package: amsbsy 1999/11/29 v1.2d Bold Symbols
\pmbraise@=\dimen165
)
(C:\Users\fsaye\AppData\Local\Programs\MiKTeX\tex/latex/amsmath\amsopn.sty
Package: amsopn 2022/04/08 v2.04 operator names
)
\inf@bad=\count268
LaTeX Info: Redefining \frac on input line 234.
\uproot@=\count269
\leftroot@=\count270
LaTeX Info: Redefining \overline on input line 399.
LaTeX Info: Redefining \colon on input line 410.
\classnum@=\count271
\DOTSCASE@=\count272
LaTeX Info: Redefining \ldots on input line 496.
LaTeX Info: Redefining \dots on input line 499.
LaTeX Info: Redefining \cdots on input line 620.
\Mathstrutbox@=\box53
\strutbox@=\box54
LaTeX Info: Redefining \big on input line 722.
LaTeX Info: Redefining \Big on input line 723.
LaTeX Info: Redefining \bigg on input line 724.
LaTeX Info: Redefining \Bigg on input line 725.
\big@size=\dimen166
LaTeX Font Info:    Redeclaring font encoding OML on input line 743.
LaTeX Font Info:    Redeclaring font encoding OMS on input line 744.
\macc@depth=\count273
LaTeX Info: Redefining \bmod on input line 905.
LaTeX Info: Redefining \pmod on input line 910.
LaTeX Info: Redefining \smash on input line 940.
LaTeX Info: Redefining \relbar on input line 970.
LaTeX Info: Redefining \Relbar on input line 971.
\c@MaxMatrixCols=\count274
\dotsspace@=\muskip16
\c@parentequation=\count275
\dspbrk@lvl=\count276
\tag@help=\toks19
\row@=\count277
\column@=\count278
\maxfields@=\count279
\andhelp@=\toks20
\eqnshift@=\dimen167
\alignsep@=\dimen168
\tagshift@=\dimen169
\tagwidth@=\dimen170
\totwidth@=\dimen171
\lineht@=\dimen172
\@envbody=\toks21
\multlinegap=\skip52
\multlinetaggap=\skip53
\mathdisplay@stack=\toks22
LaTeX Info: Redefining \[ on input line 2953.
LaTeX Info: Redefining \] on input line 2954.
)
(C:\Users\fsaye\AppData\Local\Programs\MiKTeX\tex/latex/amsfonts\amssymb.sty
Package: amssymb 2013/01/14 v3.01 AMS font symbols

(C:\Users\fsaye\AppData\Local\Programs\MiKTeX\tex/latex/amsfonts\amsfonts.sty
Package: amsfonts 2013/01/14 v3.01 Basic AMSFonts support
\symAMSa=\mathgroup4
\symAMSb=\mathgroup5
LaTeX Font Info:    Redeclaring math symbol \hbar on input line 98.
LaTeX Font Info:    Overwriting math alphabet `\mathfrak' in version `bold'
(Font)                  U/euf/m/n --> U/euf/b/n on input line 106.
))
(C:\Users\fsaye\AppData\Local\Programs\MiKTeX\tex/latex/algorithms\algorithmic.
sty
Package: algorithmic 2009/08/24 v0.1 Document Style `algorithmic'
 (C:\Users\fsaye\AppData\Local\Programs\MiKTeX\tex/latex/base\ifthen.sty
Package: ifthen 2022/04/13 v1.1d Standard LaTeX ifthen package (DPC)
)
(C:\Users\fsaye\AppData\Local\Programs\MiKTeX\tex/latex/graphics\keyval.sty
Package: keyval 2022/05/29 v1.15 key=value parser (DPC)
\KV@toks@=\toks23
)
\c@ALC@unique=\count280
\c@ALC@line=\count281
\c@ALC@rem=\count282
\c@ALC@depth=\count283
\ALC@tlm=\skip54
\algorithmicindent=\skip55
)
(C:\Users\fsaye\AppData\Local\Programs\MiKTeX\tex/latex/graphics\graphicx.sty
Package: graphicx 2021/09/16 v1.2d Enhanced LaTeX Graphics (DPC,SPQR)

(C:\Users\fsaye\AppData\Local\Programs\MiKTeX\tex/latex/graphics\graphics.sty
Package: graphics 2022/03/10 v1.4e Standard LaTeX Graphics (DPC,SPQR)

(C:\Users\fsaye\AppData\Local\Programs\MiKTeX\tex/latex/graphics\trig.sty
Package: trig 2021/08/11 v1.11 sin cos tan (DPC)
)
(C:\Users\fsaye\AppData\Local\Programs\MiKTeX\tex/latex/graphics-cfg\graphics.c
fg
File: graphics.cfg 2016/06/04 v1.11 sample graphics configuration
)
Package graphics Info: Driver file: pdftex.def on input line 107.

(C:\Users\fsaye\AppData\Local\Programs\MiKTeX\tex/latex/graphics-def\pdftex.def
File: pdftex.def 2022/09/22 v1.2b Graphics/color driver for pdftex
))
\Gin@req@height=\dimen173
\Gin@req@width=\dimen174
) (C:\Users\fsaye\AppData\Local\Programs\MiKTeX\tex/latex/base\textcomp.sty
Package: textcomp 2020/02/02 v2.0n Standard LaTeX package
)
(C:\Users\fsaye\AppData\Local\Programs\MiKTeX\tex/latex/xcolor\xcolor.sty
Package: xcolor 2023/11/15 v3.01 LaTeX color extensions (UK)

(C:\Users\fsaye\AppData\Local\Programs\MiKTeX\tex/latex/graphics-cfg\color.cfg
File: color.cfg 2016/01/02 v1.6 sample color configuration
)
Package xcolor Info: Driver file: pdftex.def on input line 274.
(C:\Users\fsaye\AppData\Local\Programs\MiKTeX\tex/latex/graphics\mathcolor.ltx)
Package xcolor Info: Model `cmy' substituted by `cmy0' on input line 1350.
Package xcolor Info: Model `hsb' substituted by `rgb' on input line 1354.
Package xcolor Info: Model `RGB' extended on input line 1366.
Package xcolor Info: Model `HTML' substituted by `rgb' on input line 1368.
Package xcolor Info: Model `Hsb' substituted by `hsb' on input line 1369.
Package xcolor Info: Model `tHsb' substituted by `hsb' on input line 1370.
Package xcolor Info: Model `HSB' substituted by `hsb' on input line 1371.
Package xcolor Info: Model `Gray' substituted by `gray' on input line 1372.
Package xcolor Info: Model `wave' substituted by `hsb' on input line 1373.
)
(C:\Users\fsaye\AppData\Local\Programs\MiKTeX\tex/latex/l3backend\l3backend-pdf
tex.def
File: l3backend-pdftex.def 2024-01-04 L3 backend support: PDF output (pdfTeX)
\l__color_backend_stack_int=\count284
\l__pdf_internal_box=\box55
) (conference_041818.aux)
\openout1 = `conference_041818.aux'.

LaTeX Font Info:    Checking defaults for OML/cmm/m/it on input line 12.
LaTeX Font Info:    ... okay on input line 12.
LaTeX Font Info:    Checking defaults for OMS/cmsy/m/n on input line 12.
LaTeX Font Info:    ... okay on input line 12.
LaTeX Font Info:    Checking defaults for OT1/cmr/m/n on input line 12.
LaTeX Font Info:    ... okay on input line 12.
LaTeX Font Info:    Checking defaults for T1/cmr/m/n on input line 12.
LaTeX Font Info:    ... okay on input line 12.
LaTeX Font Info:    Checking defaults for TS1/cmr/m/n on input line 12.
LaTeX Font Info:    ... okay on input line 12.
LaTeX Font Info:    Checking defaults for OMX/cmex/m/n on input line 12.
LaTeX Font Info:    ... okay on input line 12.
LaTeX Font Info:    Checking defaults for U/cmr/m/n on input line 12.
LaTeX Font Info:    ... okay on input line 12.

-- Lines per column: 56 (exact).

(C:\Users\fsaye\AppData\Local\Programs\MiKTeX\tex/context/base/mkii\supp-pdf.mk
ii
[Loading MPS to PDF converter (version 2006.09.02).]
\scratchcounter=\count285
\scratchdimen=\dimen175
\scratchbox=\box56
\nofMPsegments=\count286
\nofMParguments=\count287
\everyMPshowfont=\toks24
\MPscratchCnt=\count288
\MPscratchDim=\dimen176
\MPnumerator=\count289
\makeMPintoPDFobject=\count290
\everyMPtoPDFconversion=\toks25
)
(C:\Users\fsaye\AppData\Local\Programs\MiKTeX\tex/latex/epstopdf-pkg\epstopdf-b
ase.sty
Package: epstopdf-base 2020-01-24 v2.11 Base part for package epstopdf
Package epstopdf-base Info: Redefining graphics rule for `.eps' on input line 4
85.

(C:\Users\fsaye\AppData\Local\Programs\MiKTeX\tex/latex/00miktex\epstopdf-sys.c
fg
File: epstopdf-sys.cfg 2021/03/18 v2.0 Configuration of epstopdf for MiKTeX
))

LaTeX Warning: Citation `b1' on page 1 undefined on input line 29.


LaTeX Warning: Citation `b2' on page 1 undefined on input line 29.


Underfull \hbox (badness 1616) in paragraph at lines 29--30
\OT1/ptm/m/n/10 part of col-lab-o-ra-tive soft-ware de-vel-op-ment and De-vOps
 []


Underfull \hbox (badness 10000) in paragraph at lines 29--30

 []


LaTeX Warning: Citation `b14' on page 1 undefined on input line 31.


Underfull \hbox (badness 1648) in paragraph at lines 31--32
\OT1/ptm/m/n/10 by au-tomat-ing tasks and en-hanc-ing ef-fi-ciency. GitHub's
 []


Underfull \hbox (badness 10000) in paragraph at lines 31--32

 []


LaTeX Warning: Citation `b3' on page 1 undefined on input line 35.


LaTeX Warning: Citation `b4' on page 1 undefined on input line 35.


LaTeX Warning: Citation `b4' on page 1 undefined on input line 35.


LaTeX Warning: Citation `b4' on page 1 undefined on input line 35.


Underfull \hbox (badness 10000) in paragraph at lines 35--36

 []


LaTeX Warning: Citation `b4' on page 1 undefined on input line 37.


Underfull \hbox (badness 10000) in paragraph at lines 37--38

 []


Underfull \hbox (badness 10000) in paragraph at lines 39--41

 []


Underfull \hbox (badness 10000) in paragraph at lines 42--44

 []


Underfull \hbox (badness 10000) in paragraph at lines 46--50

 []


Underfull \hbox (badness 1533) in paragraph at lines 46--50
\OT1/ptm/m/n/10 We se-lected RQ1 in or-der to dis-tin-guish the prob-lems
 []


Underfull \hbox (badness 10000) in paragraph at lines 46--50

 []

[1{C:/Users/fsaye/AppData/Local/MiKTeX/fonts/map/pdftex/pdftex.map}{C:/Users/fs
aye/AppData/Local/Programs/MiKTeX/fonts/enc/dvips/base/8r.enc}


]
Underfull \hbox (badness 10000) in paragraph at lines 51--54

 []


Underfull \hbox (badness 2213) in paragraph at lines 51--54
\OT1/ptm/m/n/10 For RQ2 we want to de-ter-mine what the chan-l-lenges
 []


LaTeX Warning: Citation `b15' on page 2 undefined on input line 57.


LaTeX Warning: Citation `b16' on page 2 undefined on input line 57.


LaTeX Warning: Citation `b4' on page 2 undefined on input line 57.


Underfull \hbox (badness 2035) in paragraph at lines 57--59
\OT1/ptm/m/n/10 CI/CD ser-vices, GHA as-sists the soft-ware de-vel-op-ment
 []


Underfull \hbox (badness 1436) in paragraph at lines 57--59
\OT1/ptm/m/n/10 sim-i-lar to pop-u-lar reusable soft-ware li-braries dis-tribut
ed
 []


Underfull \hbox (badness 1383) in paragraph at lines 57--59
\OT1/ptm/m/n/10 by pack-age man-agers such as npm, Cargo, RubyGems,
 []


Underfull \hbox (badness 10000) in paragraph at lines 57--59

 []


LaTeX Warning: Citation `b4' on page 2 undefined on input line 60.


LaTeX Warning: Citation `b5' on page 2 undefined on input line 60.


LaTeX Warning: Citation `b6' on page 2 undefined on input line 60.


LaTeX Warning: Citation `b7' on page 2 undefined on input line 60.


LaTeX Warning: Citation `b8' on page 2 undefined on input line 60.


LaTeX Warning: Citation `b9' on page 2 undefined on input line 60.


LaTeX Warning: Citation `b10' on page 2 undefined on input line 60.


LaTeX Warning: Citation `b11' on page 2 undefined on input line 60.


LaTeX Warning: Citation `b12' on page 2 undefined on input line 60.


LaTeX Warning: Citation `b13' on page 2 undefined on input line 60.


LaTeX Warning: Citation `b6' on page 2 undefined on input line 63.


LaTeX Warning: Citation `b17' on page 2 undefined on input line 63.


LaTeX Warning: Citation `b7' on page 2 undefined on input line 65.


LaTeX Warning: Citation `b8' on page 2 undefined on input line 65.


LaTeX Warning: Citation `b10' on page 2 undefined on input line 65.


LaTeX Warning: Citation `b12' on page 2 undefined on input line 67.


Underfull \hbox (badness 10000) in paragraph at lines 67--68

 []


Underfull \hbox (badness 3568) in paragraph at lines 69--70
[]\OT1/ptm/m/n/10 \\OT1/ptm/m/it/10 The open na-ture of npm has boosted its gro
wth,
 []


Underfull \hbox (badness 10000) in paragraph at lines 69--70

 []


LaTeX Warning: Citation `b21' on page 2 undefined on input line 71.


LaTeX Warning: Citation `b12' on page 2 undefined on input line 71.


Underfull \hbox (badness 2096) in paragraph at lines 71--72
\OT1/ptm/m/n/10 a mis-con-fig-ured work-flow through a new pull re-quest.
 []


Underfull \hbox (badness 10000) in paragraph at lines 71--72

 []


LaTeX Warning: Citation `b2' on page 2 undefined on input line 73.


LaTeX Warning: Citation `b22' on page 2 undefined on input line 73.


LaTeX Warning: Citation `b2' on page 2 undefined on input line 73.


Underfull \hbox (badness 10000) in paragraph at lines 77--78

 []

[2]
Underfull \hbox (badness 10000) in paragraph at lines 83--84

 []


Underfull \hbox (badness 10000) in paragraph at lines 85--86

 []


Underfull \hbox (badness 10000) in paragraph at lines 87--88

 []


LaTeX Warning: Citation `b19' on page 3 undefined on input line 89.


Underfull \hbox (badness 1748) in paragraph at lines 89--90
\OT1/ptm/m/n/10 to ob-tain sta-tis-ti-cal data about their pref-er-ences. Us-in
g
 []


Underfull \hbox (badness 10000) in paragraph at lines 89--90

 []

LaTeX Font Info:    Trying to load font information for U+msa on input line 94.

(C:\Users\fsaye\AppData\Local\Programs\MiKTeX\tex/latex/amsfonts\umsa.fd
File: umsa.fd 2013/01/14 v3.01 AMS symbols A
)
LaTeX Font Info:    Trying to load font information for U+msb on input line 94.


(C:\Users\fsaye\AppData\Local\Programs\MiKTeX\tex/latex/amsfonts\umsb.fd
File: umsb.fd 2013/01/14 v3.01 AMS symbols B
)
Underfull \hbox (badness 10000) in paragraph at lines 92--94

 []


Underfull \hbox (badness 1377) in paragraph at lines 97--98
[]\OT1/ptm/b/n/10 Time Sched-ule\OT1/ptm/m/n/10 : Plan for 1 month to de-sign,
 []


Underfull \hbox (badness 10000) in paragraph at lines 97--98

 []


Underfull \hbox (badness 10000) in paragraph at lines 100--102

 []


Underfull \hbox (badness 1478) in paragraph at lines 102--103
[]\OT1/ptm/b/n/10 Procedures\OT1/ptm/m/n/10 : Em-ploy de-scrip-tive and in-fer-
en-tial
 []


Underfull \hbox (badness 10000) in paragraph at lines 104--105

 []


Underfull \hbox (badness 10000) in paragraph at lines 108--109

 []


Underfull \hbox (badness 10000) in paragraph at lines 110--111

 []


Underfull \hbox (badness 10000) in paragraph at lines 112--113

 []


LaTeX Warning: Citation `b20' on page 3 undefined on input line 114.


Underfull \hbox (badness 10000) in paragraph at lines 114--115

 []


Underfull \hbox (badness 10000) in paragraph at lines 117--119

 []


Underfull \hbox (badness 3271) in paragraph at lines 120--121
[]\OT1/ptm/b/n/10 Interviews\OT1/ptm/m/n/10 : Con-duct semi-structured in-ter-v
iews
 []


Underfull \hbox (badness 2065) in paragraph at lines 122--123
[]\OT1/ptm/b/n/10 Time Sched-ule\OT1/ptm/m/n/10 : Al-lo-cate 1.5 month for data

 []


Underfull \hbox (badness 10000) in paragraph at lines 122--123
\OT1/ptm/m/n/10 col-lec-tion, in-clud-ing both data min-ing and
 []


Underfull \hbox (badness 10000) in paragraph at lines 122--123

 []


Underfull \hbox (badness 10000) in paragraph at lines 125--127

 []


Underfull \hbox (badness 10000) in paragraph at lines 129--130

 []


Underfull \hbox (badness 10000) in paragraph at lines 133--134

 []

[3]
Underfull \hbox (badness 10000) in paragraph at lines 136--138

 []


Underfull \hbox (badness 10000) in paragraph at lines 139--140

 []


** Conference Paper **
Before submitting the final camera ready copy, remember to:

 1. Manually equalize the lengths of two columns on the last page
 of your paper;

 2. Ensure that any PostScript and/or PDF output post-processing
 uses only Type 1 fonts and that every step in the generation
 process uses the appropriate paper size.

[4] (conference_041818.aux)
 ***********
LaTeX2e <2023-11-01> patch level 1
L3 programming layer <2024-01-04>
 ***********


LaTeX Warning: There were undefined references.


LaTeX Warning: Label(s) may have changed. Rerun to get cross-references right.

 ) 
Here is how much of TeX's memory you used:
 4174 strings out of 474486
 66406 string characters out of 5743755
 1942542 words of memory out of 5000000
 26436 multiletter control sequences out of 15000+600000
 589146 words of font info for 92 fonts, out of 8000000 for 9000
 1141 hyphenation exceptions out of 8191
 57i,8n,65p,1162b,278s stack positions out of 10000i,1000n,20000p,200000b,200000s
<C:/Users/fsaye/AppData/Local/Programs/MiKTeX/fonts/type1/public/amsfonts/cm/
cmsy7.pfb><C:/Users/fsaye/AppData/Local/Programs/MiKTeX/fonts/type1/urw/times/u
tmb8a.pfb><C:/Users/fsaye/AppData/Local/Programs/MiKTeX/fonts/type1/urw/times/u
tmr8a.pfb><C:/Users/fsaye/AppData/Local/Programs/MiKTeX/fonts/type1/urw/times/u
tmri8a.pfb>
Output written on conference_041818.pdf (4 pages, 80128 bytes).
PDF statistics:
 36 PDF objects out of 1000 (max. 8388607)
 0 named destinations out of 1000 (max. 500000)
 1 words of extra memory for PDF output out of 10000 (max. 10000000)

